2022-Aug-11 12:14:22 Наличие необходимых модулей php (check_php_modules): Fail
Ошибка! Не установлены требуемые расширения:Функции шифрования MCrypt
2022-Aug-11 12:14:22 Обязательные параметры PHP (check_php_settings): Ok
Настройки правильные
2022-Aug-11 12:14:22 Модули веб-сервера (check_security): Ok
Конфликтов не выявлено
2022-Aug-11 12:14:22 Значения переменных сервера (check_server_vars): Ok
Корректные
2022-Aug-11 12:14:22 Сохранение сессии (check_session): Ok
50% done
2022-Aug-11 12:14:23 Сохранение сессии (check_session): Ok
Успешно
2022-Aug-11 12:14:23 Параметры настройки UTF (mbstring и константа BX_UTF) (check_mbstring): Fail
Ошибка! Сайт работает в UTF кодировке, настройки mbstring:mbstring.func_overload=0mbstring.internal_encoding=utf-8требуется:mbstring.func_overload=2mbstring.internal_encoding=utf-8
2022-Aug-11 12:14:23 Служебные скрипты в корне сайта (check_install_scripts): Ok
Отсутствуют
2022-Aug-11 12:14:24 Работа с сокетами (check_socket): Ok
Connection to ssl://bitrix.makeweb.site:443	Success

Успешно
2022-Aug-11 12:14:24 Выполнение агентов на cron (check_bx_crontab): Warning
Замечание. Агенты выполняются на хитах, рекомендуется перевести выполнение агентов на cron
2022-Aug-11 12:14:24 Параметры подключения к базе данных (check_dbconn_settings): Ok
Успешно
2022-Aug-11 12:14:24 Лишний вывод в файлах конфигурации (check_dbconn): Ok
Connection to ssl://bitrix.makeweb.site:443	Success

Успешно
2022-Aug-11 12:14:25 Сохранение сессии без UserAgent (check_session_ua): Ok
50% done
Connection to ssl://bitrix.makeweb.site:443	Success

2022-Aug-11 12:14:25 Сохранение сессии без UserAgent (check_session_ua): Ok
Connection to ssl://bitrix.makeweb.site:443	Success

Успешно
2022-Aug-11 12:14:25 Настройки сайтов (check_sites): Ok
Правильные
2022-Aug-11 12:14:25 Передача объектов по ссылке (check_clone): Ok
Успешно
2022-Aug-11 12:14:25 Размер стека и pcre.recursion_limit (check_pcre_recursion): Warning
Connection to ssl://bitrix.makeweb.site:443	Success

Замечание. Возможны проблемы в работе с длинными строками из-за системных ограничений
2022-Aug-11 12:14:25 Вызов method_exists на строке (check_method_exists): Ok
Connection to ssl://bitrix.makeweb.site:443	Success

Успешно
2022-Aug-11 12:14:25 Загрузка файла (check_upload): Ok
Connection to ssl://bitrix.makeweb.site:443	Success

Успешно
2022-Aug-11 12:14:25 Загрузка файла больше 4Мб (check_upload_big): Ok
Connection to ssl://bitrix.makeweb.site:443	Success

Успешно
2022-Aug-11 12:14:25 Загрузка файла через php://input (check_upload_raw): Ok
Connection to ssl://bitrix.makeweb.site:443	Success

Успешно
2022-Aug-11 12:14:26 Передача POST запроса с большим числом параметров (check_post): Ok
Connection to ssl://bitrix.makeweb.site:443	Success

Успешно
2022-Aug-11 12:14:26 Отправка почты (check_mail): Ok
Успешно
2022-Aug-11 12:14:26 Отправка почтового сообщения больше 64Кб (check_mail_big): Ok
Успешно
2022-Aug-11 12:14:26 Проверка на наличие неотправленных сообщений (check_mail_b_event): Ok
Успешно
2022-Aug-11 12:14:26 Внутреннее перенаправление (функция LocalRedirect) (check_localredirect): Ok
50% done
Connection to ssl://bitrix.makeweb.site:443	Success

2022-Aug-11 12:14:26 Внутреннее перенаправление (функция LocalRedirect) (check_localredirect): Ok
Connection to ssl://bitrix.makeweb.site:443	Success

Успешно
2022-Aug-11 12:14:26 Фактическое ограничение памяти (check_memory_limit): Ok
20% done
Connection to ssl://bitrix.makeweb.site:443	Success

2022-Aug-11 12:14:27 Фактическое ограничение памяти (check_memory_limit): Ok
40% done
Connection to ssl://bitrix.makeweb.site:443	Success

2022-Aug-11 12:14:27 Фактическое ограничение памяти (check_memory_limit): Ok
60% done
Connection to ssl://bitrix.makeweb.site:443	Success

2022-Aug-11 12:14:27 Фактическое ограничение памяти (check_memory_limit): Ok
80% done
Connection to ssl://bitrix.makeweb.site:443	Success

2022-Aug-11 12:14:27 Фактическое ограничение памяти (check_memory_limit): Ok
Connection to ssl://bitrix.makeweb.site:443	Success

Не менее 256 М
2022-Aug-11 12:14:27 Работа с файлами кеша (check_cache): Ok
Успешно
2022-Aug-11 12:14:28 Доступ к серверу обновлений (check_update): Ok
Успешно
2022-Aug-11 12:14:28 HTTP авторизация (check_http_auth): Ok
Connection to ssl://bitrix.makeweb.site:443	Success

Успешно
2022-Aug-11 12:14:28 Создание и запуск файла (check_exec): Ok
Connection to ssl://bitrix.makeweb.site:443	Success

Успешно
2022-Aug-11 12:14:28 Функция getimagesize для swf (check_getimagesize): Ok
Успешно
2022-Aug-11 12:14:28 Версия MySQL-сервера (check_mysql_bug_version): Ok
Успешно
2022-Aug-11 12:14:29 Время на БД и веб-сервере (check_mysql_time): Ok
Успешно
2022-Aug-11 12:14:29 Режим работы MySQL (check_mysql_mode): Ok
Успешно
2022-Aug-11 12:14:29 Кодировка соединения (check_mysql_connection_charset): Ok
character_set_connection=utf8, collation_connection=utf8_unicode_ci, character_set_results=utf8
Успешно
2022-Aug-11 12:14:29 Кодировка базы данных (check_mysql_db_charset): Ok
CHARSET=utf8, COLLATION=utf8_unicode_ci
Успешно
2022-Aug-11 12:14:29 Кодировки таблиц в БД (check_mysql_table_charset): Ok
Успешно
2022-Aug-11 12:14:29 Структура базы данных (check_mysql_table_structure): Ok
0% done
2022-Aug-11 12:14:29 Структура базы данных (check_mysql_table_structure): Ok
7% done
2022-Aug-11 12:14:29 Структура базы данных (check_mysql_table_structure): Ok
15% done
2022-Aug-11 12:14:30 Структура базы данных (check_mysql_table_structure): Ok
23% done
2022-Aug-11 12:14:30 Структура базы данных (check_mysql_table_structure): Ok
30% done
2022-Aug-11 12:14:30 Структура базы данных (check_mysql_table_structure): Ok
38% done
2022-Aug-11 12:14:30 Структура базы данных (check_mysql_table_structure): Ok
46% done
2022-Aug-11 12:14:30 Структура базы данных (check_mysql_table_structure): Ok
53% done
2022-Aug-11 12:14:30 Структура базы данных (check_mysql_table_structure): Ok
61% done
2022-Aug-11 12:14:30 Структура базы данных (check_mysql_table_structure): Ok
69% done
2022-Aug-11 12:14:31 Структура базы данных (check_mysql_table_structure): Ok
76% done
2022-Aug-11 12:14:32 Структура базы данных (check_mysql_table_structure): Ok
84% done
2022-Aug-11 12:14:32 Структура базы данных (check_mysql_table_structure): Ok
92% done
2022-Aug-11 12:14:32 Структура базы данных (check_mysql_table_structure): Ok
Успешно
2022-Aug-11 12:20:28 Время на БД и веб-сервере (check_mysql_time): Ok
Успешно
